app/build/intermediates/manifest_merge_blame_file/debug/manifest-merger-blame-debug-report.txt
1<?xml version="1.0" encoding="utf-8"?>
2<manifest xmlns:android="http://schemas.android.com/apk/res/android"
3    package="org.tensorflow.codelabs.objectdetection"
4    android:versionCode="1"
5    android:versionName="1.0" >
6
7    <uses-sdk
8        android:minSdkVersion="23"
8-->src\main\AndroidManifest.xml
9        android:targetSdkVersion="30" />
9-->src\main\AndroidManifest.xml
10
11    <queries>
11-->src\main\AndroidManifest.xml:5:5-9:15
12        <intent>
12-->src\main\AndroidManifest.xml:6:9-8:18
13            <action android:name="android.media.action.IMAGE_CAPTURE" />
13-->src\main\AndroidManifest.xml:7:13-73
13-->src\main\AndroidManifest.xml:7:21-70
14        </intent>
15    </queries>
16
17    <uses-permission android:name="android.permission.INTERNET" />
17-->src\main\AndroidManifest.xml:10:1-62
17-->src\main\AndroidManifest.xml:10:18-60
18
19    <application
19-->src\main\AndroidManifest.xml:11:5-35:19
20        android:allowBackup="true"
20-->src\main\AndroidManifest.xml:12:9-35
21        android:appComponentFactory="androidx.core.app.CoreComponentFactory"
21-->[androidx.core:core:1.3.2] AndroidManifest.xml:24:18-86
22        android:debuggable="true"
23        android:extractNativeLibs="false"
24        android:icon="@mipmap/ic_launcher"
24-->src\main\AndroidManifest.xml:13:9-43
25        android:label="@string/app_name"
25-->src\main\AndroidManifest.xml:14:9-41
26        android:roundIcon="@mipmap/ic_launcher_round"
26-->src\main\AndroidManifest.xml:15:9-54
27        android:supportsRtl="true"
27-->src\main\AndroidManifest.xml:16:9-35
28        android:testOnly="true"
29        android:theme="@style/Theme.ObjectDetection" >
29-->src\main\AndroidManifest.xml:17:9-53
30        <activity android:name="org.tensorflow.codelabs.objectdetection.MainActivity" >
30-->src\main\AndroidManifest.xml:18:9-24:20
30-->src\main\AndroidManifest.xml:18:19-86
31            <intent-filter>
31-->src\main\AndroidManifest.xml:19:13-23:29
32                <action android:name="android.intent.action.MAIN" />
32-->src\main\AndroidManifest.xml:20:17-69
32-->src\main\AndroidManifest.xml:20:25-66
33
34                <category android:name="android.intent.category.LAUNCHER" />
34-->src\main\AndroidManifest.xml:22:17-77
34-->src\main\AndroidManifest.xml:22:27-74
35            </intent-filter>
36        </activity>
37
38        <provider
38-->src\main\AndroidManifest.xml:26:9-34:20
39            android:name="androidx.core.content.FileProvider"
39-->src\main\AndroidManifest.xml:27:13-62
40            android:authorities="org.tensorflow.codelabs.objectdetection.fileprovider"
40-->src\main\AndroidManifest.xml:28:13-87
41            android:exported="false"
41-->src\main\AndroidManifest.xml:29:13-37
42            android:grantUriPermissions="true" >
42-->src\main\AndroidManifest.xml:30:13-47
43            <meta-data
43-->src\main\AndroidManifest.xml:31:13-33:54
44                android:name="android.support.FILE_PROVIDER_PATHS"
44-->src\main\AndroidManifest.xml:32:17-67
45                android:resource="@xml/file_paths" />
45-->src\main\AndroidManifest.xml:33:17-51
46        </provider>
47    </application>
48
49</manifest>